<html>
<head>
<title>TestNG:  Default test</title>
<link href="../testng.css" rel="stylesheet" type="text/css" />
<link href="../my-testng.css" rel="stylesheet" type="text/css" />

<style type="text/css">
.log { display: none;} 
.stack-trace { display: none;} 
</style>
<script type="text/javascript">
<!--
function flip(e) {
  current = e.style.display;
  if (current == 'block') {
    e.style.display = 'none';
    return 0;
  }
  else {
    e.style.display = 'block';
    return 1;
  }
}

function toggleBox(szDivId, elem, msg1, msg2)
{
  var res = -1;  if (document.getElementById) {
    res = flip(document.getElementById(szDivId));
  }
  else if (document.all) {
    // this is the way old msie versions work
    res = flip(document.all[szDivId]);
  }
  if(elem) {
    if(res == 0) elem.innerHTML = msg1; else elem.innerHTML = msg2;
  }

}

function toggleAllBoxes() {
  if (document.getElementsByTagName) {
    d = document.getElementsByTagName('div');
    for (i = 0; i < d.length; i++) {
      if (d[i].className == 'log') {
        flip(d[i]);
      }
    }
  }
}

// -->
</script>

</head>
<body>
<h2 align='center'>Default test</h2><table border='1' align="center">
<tr>
<td>Tests passed/Failed/Skipped:</td><td>3/2/0</td>
</tr><tr>
<td>Started on:</td><td>Mon Apr 09 18:19:02 EDT 2018</td>
</tr>
<tr><td>Total time:</td><td>146 seconds (146314 ms)</td>
</tr><tr>
<td>Included groups:</td><td></td>
</tr><tr>
<td>Excluded groups:</td><td></td>
</tr>
</table><p/>
<small><i>(Hover the method name to see the test class name)</i></small><p/>
<table width='100%' border='1' class='invocation-failed'>
<tr><td colspan='4' align='center'><b>FAILED TESTS</b></td></tr>
<tr><td><b>Test method</b></td>
<td width="30%"><b>Exception</b></td>
<td width="10%"><b>Time (seconds)</b></td>
<td><b>Instance</b></td>
</tr>
<tr>
<td title='com.app.runner.CukesRunner.runScenario()'><b>runScenario</b><br>Test class: com.app.runner.CukesRunner<br>Test method: Runs Cucumber Scenarios<br>Parameters: "Buy audio books", "Buying Books"<br/>
<a href="#Output-1618683794" onClick='toggleBox("Output-1618683794", this, "Show output", "Hide output");'>Show output</a>

<a href="#Output-1618683794" onClick="toggleAllBoxes();">Show all outputs</a>
<div class='log' id="Output-1618683794">
<div "result">I am on AbanteCart Home Page (PASSED : 4s)</div><br/>
<div "result">I hover over books and click audio CD (PASSED : 11s)</div><br/>
<div "result">I click sort by Rating Highest (PASSED : 1s)</div><br/>
<div "result">I click on New French With Ease title (PASSED : 2s)</div><br/>
<div "result">Iclick add to cart (FAILED : 5s)</div><br/>
<div "result">I enter quantity as 3 (SKIPPED)</div><br/>
<div "result">I click Update (SKIPPED)</div><br/>
<div "result">I click Country and State and choose Andorra (SKIPPED)</div><br/>
<div "result">I click Please Select and choose Ordino (SKIPPED)</div><br/>
<div "result">I input ZIP &quot;21215&quot; (SKIPPED)</div><br/>
<div "result">I click Checkout (SKIPPED)</div><br/>
</div>
</td>
<td><div><pre>org.openqa.selenium.NoSuchElementException: no such element: Unable to locate element: {&quot;method&quot;:&quot;xpath&quot;,&quot;selector&quot;:&quot;//a[@class=&apos;cart&apos;]&quot;}
  (Session info: chrome=65.0.3325.181)
  (Driver info: chromedriver=2.37.543654 (a46b62e9900f5ac48951f8ad68d9e03eded4cc8d),platform=Mac OS X 10.13.1 x86_64) (WARNING: The server did not provide any stacktrace information)
Command duration or timeout: 0 milliseconds
For documentation on this error, please visit: http://seleniumhq.org/exceptions/no_such_element.html
Build info: version: &apos;3.11.0&apos;, revision: &apos;e59cfb3&apos;, time: &apos;2018-03-11T20:26:55.152Z&apos;
System info: host: &apos;Nijats-MacBook-Pro.local&apos;, ip: &apos;fe80:0:0:0:1ccf:8b12:4c76:7085%en0&apos;, os.name: &apos;Mac OS X&apos;, os.arch: &apos;x86_64&apos;, os.version: &apos;10.13.1&apos;, java.version: &apos;1.8.0_161&apos;
Driver info: org.openqa.selenium.chrome.ChromeDriver
Capabilities {acceptInsecureCerts: false, acceptSslCerts: false, applicationCacheEnabled: false, browserConnectionEnabled: false, browserName: chrome, chrome: {chromedriverVersion: 2.37.543654 (a46b62e9900f5a..., userDataDir: /var/folders/7v/8vh4h4751v1...}, cssSelectorsEnabled: true, databaseEnabled: false, handlesAlerts: true, hasTouchScreen: false, javascriptEnabled: true, locationContextEnabled: true, mobileEmulationEnabled: false, nativeEvents: true, networkConnectionEnabled: false, pageLoadStrategy: normal, platform: MAC, platformName: MAC, rotatable: false, setWindowRect: true, takesHeapSnapshot: true, takesScreenshot: true, unexpectedAlertBehaviour: , unhandledPromptBehavior: , version: 65.0.3325.181, webStorageEnabled: true}
Session ID: 20ddb0946fda93f990b572950b7613a7
*** Element info: {Using=xpath, value=//a[@class=&apos;cart&apos;]}
	at sun.reflect.NativeConstructorAccessorImpl.newInstance0(Native Method)
	at sun.reflect.NativeConstructorAccessorImpl.newInstance(NativeConstructorAccessorImpl.java:62)
	at sun.reflect.DelegatingConstructorAccessorImpl.newInstance(DelegatingConstructorAccessorImpl.java:45)
	at java.lang.reflect.Constructor.newInstance(Constructor.java:423)
	at org.openqa.selenium.remote.ErrorHandler.createThrowable(ErrorHandler.java:214)
	at org.openqa.selenium.remote.ErrorHandler.throwIfResponseFailed(ErrorHandler.java:166)
	at org.openqa.selenium.remote.http.JsonHttpResponseCodec.reconstructValue(JsonHttpResponseCodec.java:40)
	at org.openqa.selenium.remote.http.AbstractHttpResponseCodec.decode(AbstractHttpResponseCodec.java:80)
	at org.openqa.selenium.remote.http.AbstractHttpResponseCodec.decode(AbstractHttpResponseCodec.java:44)
	at org.openqa.selenium.remote.HttpCommandExecutor.execute(HttpCommandExecutor.java:158)
	at org.openqa.selenium.remote.service.DriverCommandExecutor.execute(DriverCommandExecutor.java:83)
	at org.openqa.selenium.remote.RemoteWebDriver.execute(RemoteWebDriver.java:545)
	at org.openqa.selenium.remote.RemoteWebDriver.findElement(RemoteWebDriver.java:319)
	at org.openqa.selenium.remote.RemoteWebDriver.findElementByXPath(RemoteWebDriver.java:421)
	at org.openqa.selenium.By$ByXPath.findElement(By.java:361)
	at org.openqa.selenium.remote.RemoteWebDriver.findElement(RemoteWebDriver.java:311)
	at org.openqa.selenium.support.pagefactory.DefaultElementLocator.findElement(DefaultElementLocator.java:69)
	at org.openqa.selenium.support.pagefactory.internal.LocatingElementHandler.invoke(LocatingElementHandler.java:38)
	at com.sun.proxy.$Proxy18.click(Unknown Source)
	at com.app.step_definitions.BuyBooksStepDefs.iclick_add_to_cart(BuyBooksStepDefs.java:46)
	at ✽.Iclick add to cart(src/test/resources/features/BuyBooks.feature:11)
</pre></div><a href='#' onClick='toggleBox("stack-trace1618683794", this, "Click to show all stack frames", "Click to hide stack frames")'>Click to show all stack frames</a>
<div class='stack-trace' id='stack-trace1618683794'><pre>org.openqa.selenium.NoSuchElementException: no such element: Unable to locate element: {&quot;method&quot;:&quot;xpath&quot;,&quot;selector&quot;:&quot;//a[@class=&apos;cart&apos;]&quot;}
  (Session info: chrome=65.0.3325.181)
  (Driver info: chromedriver=2.37.543654 (a46b62e9900f5ac48951f8ad68d9e03eded4cc8d),platform=Mac OS X 10.13.1 x86_64) (WARNING: The server did not provide any stacktrace information)
Command duration or timeout: 0 milliseconds
For documentation on this error, please visit: http://seleniumhq.org/exceptions/no_such_element.html
Build info: version: &apos;3.11.0&apos;, revision: &apos;e59cfb3&apos;, time: &apos;2018-03-11T20:26:55.152Z&apos;
System info: host: &apos;Nijats-MacBook-Pro.local&apos;, ip: &apos;fe80:0:0:0:1ccf:8b12:4c76:7085%en0&apos;, os.name: &apos;Mac OS X&apos;, os.arch: &apos;x86_64&apos;, os.version: &apos;10.13.1&apos;, java.version: &apos;1.8.0_161&apos;
Driver info: org.openqa.selenium.chrome.ChromeDriver
Capabilities {acceptInsecureCerts: false, acceptSslCerts: false, applicationCacheEnabled: false, browserConnectionEnabled: false, browserName: chrome, chrome: {chromedriverVersion: 2.37.543654 (a46b62e9900f5a..., userDataDir: /var/folders/7v/8vh4h4751v1...}, cssSelectorsEnabled: true, databaseEnabled: false, handlesAlerts: true, hasTouchScreen: false, javascriptEnabled: true, locationContextEnabled: true, mobileEmulationEnabled: false, nativeEvents: true, networkConnectionEnabled: false, pageLoadStrategy: normal, platform: MAC, platformName: MAC, rotatable: false, setWindowRect: true, takesHeapSnapshot: true, takesScreenshot: true, unexpectedAlertBehaviour: , unhandledPromptBehavior: , version: 65.0.3325.181, webStorageEnabled: true}
Session ID: 20ddb0946fda93f990b572950b7613a7
*** Element info: {Using=xpath, value=//a[@class=&apos;cart&apos;]}
	at sun.reflect.NativeConstructorAccessorImpl.newInstance0(Native Method)
	at sun.reflect.NativeConstructorAccessorImpl.newInstance(NativeConstructorAccessorImpl.java:62)
	at sun.reflect.DelegatingConstructorAccessorImpl.newInstance(DelegatingConstructorAccessorImpl.java:45)
	at java.lang.reflect.Constructor.newInstance(Constructor.java:423)
	at org.openqa.selenium.remote.ErrorHandler.createThrowable(ErrorHandler.java:214)
	at org.openqa.selenium.remote.ErrorHandler.throwIfResponseFailed(ErrorHandler.java:166)
	at org.openqa.selenium.remote.http.JsonHttpResponseCodec.reconstructValue(JsonHttpResponseCodec.java:40)
	at org.openqa.selenium.remote.http.AbstractHttpResponseCodec.decode(AbstractHttpResponseCodec.java:80)
	at org.openqa.selenium.remote.http.AbstractHttpResponseCodec.decode(AbstractHttpResponseCodec.java:44)
	at org.openqa.selenium.remote.HttpCommandExecutor.execute(HttpCommandExecutor.java:158)
	at org.openqa.selenium.remote.service.DriverCommandExecutor.execute(DriverCommandExecutor.java:83)
	at org.openqa.selenium.remote.RemoteWebDriver.execute(RemoteWebDriver.java:545)
	at org.openqa.selenium.remote.RemoteWebDriver.findElement(RemoteWebDriver.java:319)
	at org.openqa.selenium.remote.RemoteWebDriver.findElementByXPath(RemoteWebDriver.java:421)
	at org.openqa.selenium.By$ByXPath.findElement(By.java:361)
	at org.openqa.selenium.remote.RemoteWebDriver.findElement(RemoteWebDriver.java:311)
	at org.openqa.selenium.support.pagefactory.DefaultElementLocator.findElement(DefaultElementLocator.java:69)
	at org.openqa.selenium.support.pagefactory.internal.LocatingElementHandler.invoke(LocatingElementHandler.java:38)
	at com.sun.proxy.$Proxy18.click(Unknown Source)
	at com.app.step_definitions.BuyBooksStepDefs.iclick_add_to_cart(BuyBooksStepDefs.java:46)
	at ✽.Iclick add to cart(src/test/resources/features/BuyBooks.feature:11)
</pre></div></td>
<td>28</td>
<td>com.app.runner.CukesRunner@2d928643</td></tr>
<tr>
<td title='com.app.runner.CukesRunner.runScenario()'><b>runScenario</b><br>Test class: com.app.runner.CukesRunner<br>Test method: Runs Cucumber Scenarios<br>Parameters: "Buy Nail Product", "Nails"<br/>
<a href="#Output-181372317" onClick='toggleBox("Output-181372317", this, "Show output", "Hide output");'>Show output</a>

<a href="#Output-181372317" onClick="toggleAllBoxes();">Show all outputs</a>
<div class='log' id="Output-181372317">
<div "result">I am on AbanteCart Home Page (PASSED : 3s)</div><br/>
<div "result">I hover over the &quot;MAKEUP&quot; (PASSED : 5s)</div><br/>
<div "result">following menu options should be visible: (PASSED : 10s)</div><br/>
<div "result">I should be able to choose &quot;Nails&quot; (PASSED : 14s)</div><br/>
<div "result">I should be able to choose &quot;FLUID SHINE NAIL POLISH&quot; (PASSED : 13s)</div><br/>
<div "result">Verify the Pirce is &quot;$137&quot; (PASSED : 0s)</div><br/>
<div "result">I click on the add to cart button (PASSED : 12s)</div><br/>
<div "result">I should be able to Choose Country &quot;United States&quot; (FAILED : 5s)</div><br/>
<div "result">I choose City &quot;Illinois&quot; (SKIPPED)</div><br/>
<div "result">I type Zipcode &quot;60018&quot; (SKIPPED)</div><br/>
<div "result">Click on the Continue Shopping (SKIPPED)</div><br/>
</div>
</td>
<td><div><pre>org.openqa.selenium.NoSuchElementException: no such element: Unable to locate element: {&quot;method&quot;:&quot;xpath&quot;,&quot;selector&quot;:&quot;//select[@id=&apos;estimate_country&apos;]&quot;}
  (Session info: chrome=65.0.3325.181)
  (Driver info: chromedriver=2.37.543654 (a46b62e9900f5ac48951f8ad68d9e03eded4cc8d),platform=Mac OS X 10.13.1 x86_64) (WARNING: The server did not provide any stacktrace information)
Command duration or timeout: 0 milliseconds
For documentation on this error, please visit: http://seleniumhq.org/exceptions/no_such_element.html
Build info: version: &apos;3.11.0&apos;, revision: &apos;e59cfb3&apos;, time: &apos;2018-03-11T20:26:55.152Z&apos;
System info: host: &apos;Nijats-MacBook-Pro.local&apos;, ip: &apos;fe80:0:0:0:1ccf:8b12:4c76:7085%en0&apos;, os.name: &apos;Mac OS X&apos;, os.arch: &apos;x86_64&apos;, os.version: &apos;10.13.1&apos;, java.version: &apos;1.8.0_161&apos;
Driver info: org.openqa.selenium.chrome.ChromeDriver
Capabilities {acceptInsecureCerts: false, acceptSslCerts: false, applicationCacheEnabled: false, browserConnectionEnabled: false, browserName: chrome, chrome: {chromedriverVersion: 2.37.543654 (a46b62e9900f5a..., userDataDir: /var/folders/7v/8vh4h4751v1...}, cssSelectorsEnabled: true, databaseEnabled: false, handlesAlerts: true, hasTouchScreen: false, javascriptEnabled: true, locationContextEnabled: true, mobileEmulationEnabled: false, nativeEvents: true, networkConnectionEnabled: false, pageLoadStrategy: normal, platform: MAC, platformName: MAC, rotatable: false, setWindowRect: true, takesHeapSnapshot: true, takesScreenshot: true, unexpectedAlertBehaviour: , unhandledPromptBehavior: , version: 65.0.3325.181, webStorageEnabled: true}
Session ID: f473207cd5ec7f962caf8e3eb7cdd57c
*** Element info: {Using=xpath, value=//select[@id=&apos;estimate_country&apos;]}
	at sun.reflect.NativeConstructorAccessorImpl.newInstance0(Native Method)
	at sun.reflect.NativeConstructorAccessorImpl.newInstance(NativeConstructorAccessorImpl.java:62)
	at sun.reflect.DelegatingConstructorAccessorImpl.newInstance(DelegatingConstructorAccessorImpl.java:45)
	at java.lang.reflect.Constructor.newInstance(Constructor.java:423)
	at org.openqa.selenium.remote.ErrorHandler.createThrowable(ErrorHandler.java:214)
	at org.openqa.selenium.remote.ErrorHandler.throwIfResponseFailed(ErrorHandler.java:166)
	at org.openqa.selenium.remote.http.JsonHttpResponseCodec.reconstructValue(JsonHttpResponseCodec.java:40)
	at org.openqa.selenium.remote.http.AbstractHttpResponseCodec.decode(AbstractHttpResponseCodec.java:80)
	at org.openqa.selenium.remote.http.AbstractHttpResponseCodec.decode(AbstractHttpResponseCodec.java:44)
	at org.openqa.selenium.remote.HttpCommandExecutor.execute(HttpCommandExecutor.java:158)
	at org.openqa.selenium.remote.service.DriverCommandExecutor.execute(DriverCommandExecutor.java:83)
	at org.openqa.selenium.remote.RemoteWebDriver.execute(RemoteWebDriver.java:545)
	at org.openqa.selenium.remote.RemoteWebDriver.findElement(RemoteWebDriver.java:319)
	at org.openqa.selenium.remote.RemoteWebDriver.findElementByXPath(RemoteWebDriver.java:421)
	at org.openqa.selenium.By$ByXPath.findElement(By.java:361)
	at org.openqa.selenium.remote.RemoteWebDriver.findElement(RemoteWebDriver.java:311)
	at org.openqa.selenium.support.pagefactory.DefaultElementLocator.findElement(DefaultElementLocator.java:69)
	at org.openqa.selenium.support.pagefactory.internal.LocatingElementHandler.invoke(LocatingElementHandler.java:38)
	at com.sun.proxy.$Proxy18.getTagName(Unknown Source)
	at org.openqa.selenium.support.ui.Select.&lt;init&gt;(Select.java:44)
	at com.app.utilities.BrowserUtils.Selects(BrowserUtils.java:22)
	at com.app.step_definitions.NailsStepDefs.i_should_be_able_to_Choose_Country(NailsStepDefs.java:76)
	at ✽.I should be able to Choose Country &quot;United States&quot;(src/test/resources/features/Nails.feature:21)
</pre></div><a href='#' onClick='toggleBox("stack-trace181372317", this, "Click to show all stack frames", "Click to hide stack frames")'>Click to show all stack frames</a>
<div class='stack-trace' id='stack-trace181372317'><pre>org.openqa.selenium.NoSuchElementException: no such element: Unable to locate element: {&quot;method&quot;:&quot;xpath&quot;,&quot;selector&quot;:&quot;//select[@id=&apos;estimate_country&apos;]&quot;}
  (Session info: chrome=65.0.3325.181)
  (Driver info: chromedriver=2.37.543654 (a46b62e9900f5ac48951f8ad68d9e03eded4cc8d),platform=Mac OS X 10.13.1 x86_64) (WARNING: The server did not provide any stacktrace information)
Command duration or timeout: 0 milliseconds
For documentation on this error, please visit: http://seleniumhq.org/exceptions/no_such_element.html
Build info: version: &apos;3.11.0&apos;, revision: &apos;e59cfb3&apos;, time: &apos;2018-03-11T20:26:55.152Z&apos;
System info: host: &apos;Nijats-MacBook-Pro.local&apos;, ip: &apos;fe80:0:0:0:1ccf:8b12:4c76:7085%en0&apos;, os.name: &apos;Mac OS X&apos;, os.arch: &apos;x86_64&apos;, os.version: &apos;10.13.1&apos;, java.version: &apos;1.8.0_161&apos;
Driver info: org.openqa.selenium.chrome.ChromeDriver
Capabilities {acceptInsecureCerts: false, acceptSslCerts: false, applicationCacheEnabled: false, browserConnectionEnabled: false, browserName: chrome, chrome: {chromedriverVersion: 2.37.543654 (a46b62e9900f5a..., userDataDir: /var/folders/7v/8vh4h4751v1...}, cssSelectorsEnabled: true, databaseEnabled: false, handlesAlerts: true, hasTouchScreen: false, javascriptEnabled: true, locationContextEnabled: true, mobileEmulationEnabled: false, nativeEvents: true, networkConnectionEnabled: false, pageLoadStrategy: normal, platform: MAC, platformName: MAC, rotatable: false, setWindowRect: true, takesHeapSnapshot: true, takesScreenshot: true, unexpectedAlertBehaviour: , unhandledPromptBehavior: , version: 65.0.3325.181, webStorageEnabled: true}
Session ID: f473207cd5ec7f962caf8e3eb7cdd57c
*** Element info: {Using=xpath, value=//select[@id=&apos;estimate_country&apos;]}
	at sun.reflect.NativeConstructorAccessorImpl.newInstance0(Native Method)
	at sun.reflect.NativeConstructorAccessorImpl.newInstance(NativeConstructorAccessorImpl.java:62)
	at sun.reflect.DelegatingConstructorAccessorImpl.newInstance(DelegatingConstructorAccessorImpl.java:45)
	at java.lang.reflect.Constructor.newInstance(Constructor.java:423)
	at org.openqa.selenium.remote.ErrorHandler.createThrowable(ErrorHandler.java:214)
	at org.openqa.selenium.remote.ErrorHandler.throwIfResponseFailed(ErrorHandler.java:166)
	at org.openqa.selenium.remote.http.JsonHttpResponseCodec.reconstructValue(JsonHttpResponseCodec.java:40)
	at org.openqa.selenium.remote.http.AbstractHttpResponseCodec.decode(AbstractHttpResponseCodec.java:80)
	at org.openqa.selenium.remote.http.AbstractHttpResponseCodec.decode(AbstractHttpResponseCodec.java:44)
	at org.openqa.selenium.remote.HttpCommandExecutor.execute(HttpCommandExecutor.java:158)
	at org.openqa.selenium.remote.service.DriverCommandExecutor.execute(DriverCommandExecutor.java:83)
	at org.openqa.selenium.remote.RemoteWebDriver.execute(RemoteWebDriver.java:545)
	at org.openqa.selenium.remote.RemoteWebDriver.findElement(RemoteWebDriver.java:319)
	at org.openqa.selenium.remote.RemoteWebDriver.findElementByXPath(RemoteWebDriver.java:421)
	at org.openqa.selenium.By$ByXPath.findElement(By.java:361)
	at org.openqa.selenium.remote.RemoteWebDriver.findElement(RemoteWebDriver.java:311)
	at org.openqa.selenium.support.pagefactory.DefaultElementLocator.findElement(DefaultElementLocator.java:69)
	at org.openqa.selenium.support.pagefactory.internal.LocatingElementHandler.invoke(LocatingElementHandler.java:38)
	at com.sun.proxy.$Proxy18.getTagName(Unknown Source)
	at org.openqa.selenium.support.ui.Select.&lt;init&gt;(Select.java:44)
	at com.app.utilities.BrowserUtils.Selects(BrowserUtils.java:22)
	at com.app.step_definitions.NailsStepDefs.i_should_be_able_to_Choose_Country(NailsStepDefs.java:76)
	at ✽.I should be able to Choose Country &quot;United States&quot;(src/test/resources/features/Nails.feature:21)
</pre></div></td>
<td>67</td>
<td>com.app.runner.CukesRunner@2d928643</td></tr>
</table><p>
<table width='100%' border='1' class='invocation-passed'>
<tr><td colspan='4' align='center'><b>PASSED TESTS</b></td></tr>
<tr><td><b>Test method</b></td>
<td width="30%"><b>Exception</b></td>
<td width="10%"><b>Time (seconds)</b></td>
<td><b>Instance</b></td>
</tr>
<tr>
<td title='com.app.runner.CukesRunner.runScenario()'><b>runScenario</b><br>Test class: com.app.runner.CukesRunner<br>Test method: Runs Cucumber Scenarios<br>Parameters: "Edit account details", "Buying Books"<br/>
<a href="#Output-767393855" onClick='toggleBox("Output-767393855", this, "Show output", "Hide output");'>Show output</a>

<a href="#Output-767393855" onClick="toggleAllBoxes();">Show all outputs</a>
<div class='log' id="Output-767393855">
<div "result">I am on AbanteCart Home Page (PASSED : 5s)</div><br/>
<div "result">I click on Account (PASSED : 8s)</div><br/>
<div "result">I click Edit account details (PASSED : 0s)</div><br/>
<div "result">I set First Name as &quot;Fast&quot; (PASSED : 2s)</div><br/>
<div "result">I set Last Name as &quot;Furious&quot; (PASSED : 2s)</div><br/>
<div "result">I set E-Mail as &quot;fast@gmail.com&quot; (PASSED : 2s)</div><br/>
<div "result">I set Telephone as &quot;123456789&quot; (PASSED : 2s)</div><br/>
<div "result">I set Fax as &quot;987654321&quot; (PASSED : 2s)</div><br/>
<div "result">I click Continue (PASSED : 2s)</div><br/>
<div "result">I see message displayed - Success: Your account has been successfully updated (PASSED : 0s)</div><br/>
</div>
</td>
<td></td>
<td>29</td>
<td>com.app.runner.CukesRunner@2d928643</td></tr>
<tr>
<td title='com.app.runner.CukesRunner.runScenario()'><b>runScenario</b><br>Test class: com.app.runner.CukesRunner<br>Test method: Runs Cucumber Scenarios<br>Parameters: "Click on Product - Product name and product price on the Product Description page are the same as on the Multiple Products page", "Product Description"<br/>
<a href="#Output-745205026" onClick='toggleBox("Output-745205026", this, "Show output", "Hide output");'>Show output</a>

<a href="#Output-745205026" onClick="toggleAllBoxes();">Show all outputs</a>
<div class='log' id="Output-745205026">
<div "result">I am on AbanteCart Home Page (PASSED : 3s)</div><br/>
<div "result">I go to tab FRAGRANCE (PASSED : 0s)</div><br/>
<div "result">I choose option WOMEN (PASSED : 2s)</div><br/>
<div "result">I am on page with WOMEN products (PASSED : 0s)</div><br/>
<div "result">I see the product with name BEAUTY EAU DE PARFUM (PASSED : 0s)</div><br/>
<div "result">I click on the product with name BEAUTY EAU DE PARFUM (PASSED : 1s)</div><br/>
<div "result">I see page with the same product name  BEAUTY EAU DE PARFUM (PASSED : 0s)</div><br/>
</div>
</td>
<td></td>
<td>9</td>
<td>com.app.runner.CukesRunner@2d928643</td></tr>
<tr>
<td title='com.app.runner.CukesRunner.runScenario()'><b>runScenario</b><br>Test class: com.app.runner.CukesRunner<br>Test method: Runs Cucumber Scenarios<br>Parameters: "Click on View - Product name on the Product Description page is the same as on the Multiple Products page", "Product Description"<br/>
<a href="#Output-538375433" onClick='toggleBox("Output-538375433", this, "Show output", "Hide output");'>Show output</a>

<a href="#Output-538375433" onClick="toggleAllBoxes();">Show all outputs</a>
<div class='log' id="Output-538375433">
<div "result">I am on AbanteCart Home Page (PASSED : 5s)</div><br/>
<div "result">I go to tab SKINCARE (PASSED : 0s)</div><br/>
<div "result">I choose option EYES (PASSED : 1s)</div><br/>
<div "result">I am on page with EYES products (PASSED : 0s)</div><br/>
<div "result">I see product ABSOLUTE EYES PRECIOUS CELLS (PASSED : 0s)</div><br/>
<div "result">I hover over a product (PASSED : 0s)</div><br/>
<div "result">I click on View button (PASSED : 1s)</div><br/>
<div "result">I see page with the same product name ABSOLUTE EYES PRECIOUS CELLS (PASSED : 0s)</div><br/>
</div>
</td>
<td></td>
<td>11</td>
<td>com.app.runner.CukesRunner@2d928643</td></tr>
</table><p>
</body>
</html>