<?xml version="1.0" encoding="UTF-8"?>
<testng-results skipped="0" failed="0" ignored="0" total="1" passed="1">
  <reporter-output>
    <line>
      <![CDATA[<div "result">I am on AbanteCart Home Page (PASSED : 7s)</div>]]>
    </line>
    <line>
      <![CDATA[<div "result">I hover over Account and click on Login (PASSED : 1s)</div>]]>
    </line>
    <line>
      <![CDATA[<div "result">I Enter Login name &quot;vasif123&quot; and password &quot;vasif123&quot; and verify main text equals &quot;MY ACCOUNT&quot; (PASSED : 2s)</div>]]>
    </line>
    <line>
      <![CDATA[<div "result">I HoverOver Apparel &amp; accessories and click T-shirts and verify main text equals  &quot;T-SHIRTS&quot; (PASSED : 1s)</div>]]>
    </line>
    <line>
      <![CDATA[<div "result">I click on  Fruit of the Loom T-Shirts 5 Pack - Super Premium and add to card (PASSED : 3s)</div>]]>
    </line>
    <line>
      <![CDATA[<div "result">I verify that displayed total price equals &quot;12.84&quot; (PASSED : 0s)</div>]]>
    </line>
    <line>
      <![CDATA[<div "result">I continue shopping (PASSED : 1s)</div>]]>
    </line>
    <line>
      <![CDATA[<div "result">I click on Mens Fine Cotton Giraffe Polo Shirts and add to card (PASSED : 3s)</div>]]>
    </line>
    <line>
      <![CDATA[<div "result">I verify that displayed total price equals &quot;35.62&quot; (PASSED : 0s)</div>]]>
    </line>
    <line>
      <![CDATA[<div "result">I click checkout and confirm order and verify main text equals &quot;YOUR ORDER HAS BEEN PROCESSED!&quot; (PASSED : 5s)</div>]]>
    </line>
  </reporter-output>
  <suite name="AbanteCart Smoke Test" duration-ms="29848" started-at="2018-04-07T04:27:26Z" finished-at="2018-04-07T04:27:56Z">
    <groups>
      <group name="cucumber">
        <method signature="AbstractTestNGCucumberTests.runScenario(cucumber.api.testng.PickleEventWrapper, cucumber.api.testng.CucumberFeatureWrapper)[pri:0, instance:com.app.runner.SmokeTestRunner@5649fd9b]" name="runScenario" class="cucumber.api.testng.AbstractTestNGCucumberTests"/>
      </group> <!-- cucumber -->
    </groups>
    <test name="SmokeTest1" duration-ms="29848" started-at="2018-04-07T04:27:26Z" finished-at="2018-04-07T04:27:56Z">
      <class name="com.app.runner.SmokeTestRunner">
        <test-method status="PASS" signature="setUpClass()[pri:0, instance:com.app.runner.SmokeTestRunner@5649fd9b]" name="setUpClass" is-config="true" duration-ms="141" started-at="2018-04-07T04:27:26Z" finished-at="2018-04-07T04:27:26Z">
          <reporter-output>
          </reporter-output>
        </test-method> <!-- setUpClass -->
        <test-method status="PASS" signature="runScenario(cucumber.api.testng.PickleEventWrapper, cucumber.api.testng.CucumberFeatureWrapper)[pri:0, instance:com.app.runner.SmokeTestRunner@5649fd9b]" name="runScenario" duration-ms="29626" started-at="2018-04-07T04:27:26Z" description="Runs Cucumber Scenarios" data-provider="scenarios" finished-at="2018-04-07T04:27:56Z">
          <params>
            <param index="0">
              <value>
                <![CDATA["I log in, add multiple items to cart and check out"]]>
              </value>
            </param>
            <param index="1">
              <value>
                <![CDATA["Log in, Add to Cart, Check Out"]]>
              </value>
            </param>
          </params>
          <reporter-output>
            <line>
              <![CDATA[<div "result">I am on AbanteCart Home Page (PASSED : 7s)</div>]]>
            </line>
            <line>
              <![CDATA[<div "result">I hover over Account and click on Login (PASSED : 1s)</div>]]>
            </line>
            <line>
              <![CDATA[<div "result">I Enter Login name &quot;vasif123&quot; and password &quot;vasif123&quot; and verify main text equals &quot;MY ACCOUNT&quot; (PASSED : 2s)</div>]]>
            </line>
            <line>
              <![CDATA[<div "result">I HoverOver Apparel &amp; accessories and click T-shirts and verify main text equals  &quot;T-SHIRTS&quot; (PASSED : 1s)</div>]]>
            </line>
            <line>
              <![CDATA[<div "result">I click on  Fruit of the Loom T-Shirts 5 Pack - Super Premium and add to card (PASSED : 3s)</div>]]>
            </line>
            <line>
              <![CDATA[<div "result">I verify that displayed total price equals &quot;12.84&quot; (PASSED : 0s)</div>]]>
            </line>
            <line>
              <![CDATA[<div "result">I continue shopping (PASSED : 1s)</div>]]>
            </line>
            <line>
              <![CDATA[<div "result">I click on Mens Fine Cotton Giraffe Polo Shirts and add to card (PASSED : 3s)</div>]]>
            </line>
            <line>
              <![CDATA[<div "result">I verify that displayed total price equals &quot;35.62&quot; (PASSED : 0s)</div>]]>
            </line>
            <line>
              <![CDATA[<div "result">I click checkout and confirm order and verify main text equals &quot;YOUR ORDER HAS BEEN PROCESSED!&quot; (PASSED : 5s)</div>]]>
            </line>
          </reporter-output>
        </test-method> <!-- runScenario -->
        <test-method status="PASS" signature="tearDownClass()[pri:0, instance:com.app.runner.SmokeTestRunner@5649fd9b]" name="tearDownClass" is-config="true" duration-ms="16" started-at="2018-04-07T04:27:56Z" finished-at="2018-04-07T04:27:56Z">
          <reporter-output>
          </reporter-output>
        </test-method> <!-- tearDownClass -->
      </class> <!-- com.app.runner.SmokeTestRunner -->
    </test> <!-- SmokeTest1 -->
  </suite> <!-- AbanteCart Smoke Test -->
</testng-results>
